<?xml version="1.0" encoding="UTF-8"?><testrun name="CalculatorTest" project="Lab01" tests="6" started="6" failures="1" errors="0" ignored="0">
  <testsuite name="Zad01.CalculatorTest" time="0.009">
    <testcase name="subCheck" classname="Zad01.CalculatorTest" time="0.0"/>
    <testcase name="zeroDivisionCheck" classname="Zad01.CalculatorTest" time="0.007">
      <failure>java.lang.AssertionError: Expected exception: java.lang.ArithmeticException
	at org.junit.internal.runners.statements.ExpectException.evaluate(ExpectException.java:32)
	at org.junit.runners.ParentRunner.runLeaf(ParentRunner.java:271)
	at org.junit.runners.BlockJUnit4ClassRunner.runChild(BlockJUnit4ClassRunner.java:70)
	at org.junit.runners.BlockJUnit4ClassRunner.runChild(BlockJUnit4ClassRunner.java:50)
	at org.junit.runners.ParentRunner$3.run(ParentRunner.java:238)
	at org.junit.runners.ParentRunner$1.schedule(ParentRunner.java:63)
	at org.junit.runners.ParentRunner.runChildren(ParentRunner.java:236)
	at org.junit.runners.ParentRunner.access$000(ParentRunner.java:53)
	at org.junit.runners.ParentRunner$2.evaluate(ParentRunner.java:229)
	at org.junit.runners.ParentRunner.run(ParentRunner.java:309)
	at org.eclipse.jdt.internal.junit4.runner.JUnit4TestReference.run(JUnit4TestReference.java:50)
	at org.eclipse.jdt.internal.junit.runner.TestExecution.run(TestExecution.java:38)
	at org.eclipse.jdt.internal.junit.runner.RemoteTestRunner.runTests(RemoteTestRunner.java:467)
	at org.eclipse.jdt.internal.junit.runner.RemoteTestRunner.runTests(RemoteTestRunner.java:683)
	at org.eclipse.jdt.internal.junit.runner.RemoteTestRunner.run(RemoteTestRunner.java:390)
	at org.eclipse.jdt.internal.junit.runner.RemoteTestRunner.main(RemoteTestRunner.java:197)

</failure>
    </testcase>
    <testcase name="greaterCheck" classname="Zad01.CalculatorTest" time="0.001"/>
    <testcase name="addCheck" classname="Zad01.CalculatorTest" time="0.0"/>
    <testcase name="divCheck" classname="Zad01.CalculatorTest" time="0.0"/>
    <testcase name="multiCheck" classname="Zad01.CalculatorTest" time="0.001"/>
  </testsuite>
</testrun>
